<?xml version="1.0" encoding="UTF-8"?>
<!-- Generated by org.testng.reporters.JUnitReportReporter -->
<testsuite skipped="0" hostname="LAPTOP-IN4J5DLS" name="com.nopcommerce.tests.RegisterPageTest" tests="2" failures="0" timestamp="15 Jan 2021 01:56:41 GMT" time="17.957" errors="0">
  <testcase name="verifyRegisterPageNameTest" time="3.457" classname="com.nopcommerce.tests.RegisterPageTest"/>
  <testcase name="registerNewUserTest" time="14.500" classname="com.nopcommerce.tests.RegisterPageTest"/>
</testsuite> <!-- com.nopcommerce.tests.RegisterPageTest -->
