<?xml version="1.0" encoding="UTF-8"?>
<!-- Generated by org.testng.reporters.JUnitReportReporter -->
<testsuite skipped="0" hostname="LAPTOP-IN4J5DLS" name="com.nopcommerce.tests.HomePageTest" tests="4" failures="0" timestamp="15 Jan 2021 01:56:41 GMT" time="0.974" errors="0">
  <testcase name="validatePageTitleTest" time="0.473" classname="com.nopcommerce.tests.HomePageTest"/>
  <testcase name="verifyLogoTest" time="0.225" classname="com.nopcommerce.tests.HomePageTest"/>
  <testcase name="verifyRegisterLinkTest" time="0.156" classname="com.nopcommerce.tests.HomePageTest"/>
  <testcase name="verifyLoginLinkTest" time="0.120" classname="com.nopcommerce.tests.HomePageTest"/>
</testsuite> <!-- com.nopcommerce.tests.HomePageTest -->
