<?xml version="1.0" encoding="UTF-8"?>
<!-- Generated by org.testng.reporters.JUnitReportReporter -->
<testsuite skipped="0" hostname="LAPTOP-IN4J5DLS" name="com.nopcommerce.tests.SearchPageTest" tests="3" failures="0" timestamp="15 Jan 2021 01:56:41 GMT" time="4.542" errors="0">
  <testcase name="verifyManufacturesList" time="0.154" classname="com.nopcommerce.tests.SearchPageTest"/>
  <testcase name="verifySearchPageName" time="0.053" classname="com.nopcommerce.tests.SearchPageTest"/>
  <testcase name="verifyManufacturerDropDownListTest" time="4.335" classname="com.nopcommerce.tests.SearchPageTest"/>
</testsuite> <!-- com.nopcommerce.tests.SearchPageTest -->
